<?xml version="1.0" encoding="UTF-8"?>
<testsuite name="interview.TestMainTest" time="0.018" tests="5" errors="0" skipped="0" failures="0">
  <properties>
[...]
</properties>
  <testcase name="testCalculateAverageAmountInEur_shouldReplaceCountryNameWithCityName" classname="interview.TestMainTest" time="0.012"/>
  <testcase name="testReadFile_shouldSucceed" classname="interview.TestMainTest" time="0.001"/>
  <testcase name="testCalculateAmountInEur_ShouldSucceed" classname="interview.TestMainTest" time="0"/>
  <testcase name="testCalculateAverageAmountInEur_shouldSucceed" classname="interview.TestMainTest" time="0.004"/>
  <testcase name="testReadFile_shouldFail" classname="interview.TestMainTest" time="0.001"/>
</testsuite>